#
# There is insufficient memory for the Java Runtime Environment to continue.
# Native memory allocation (malloc) failed to allocate 1903904 bytes for Chunk::new
# Possible reasons:
#   The system is out of physical RAM or swap space
#   In 32 bit mode, the process size limit was hit
# Possible solutions:
#   Reduce memory load on the system
#   Increase physical memory or swap space
#   Check if swap backing store is full
#   Use 64 bit Java on a 64 bit OS
#   Decrease Java heap size (-Xmx/-Xms)
#   Decrease number of Java threads
#   Decrease Java thread stack sizes (-Xss)
#   Set larger code cache with -XX:ReservedCodeCacheSize=
# This output file may be truncated or incomplete.
#
#  Out of Memory Error (allocation.cpp:390), pid=15316, tid=0x0000000000000814
#
# JRE version: Java(TM) SE Runtime Environment (8.0_112-b15) (build 1.8.0_112-b15)
# Java VM: Java HotSpot(TM) 64-Bit com.Server VM (25.112-b15 mixed mode windows-amd64 compressed oops)
# Failed to write core dump. Minidumps are not enabled by default on client versions of Windows
#

---------------  T H R E A D  ---------------

Current thread (0x0000000019a7b800):  JavaThread "C2 CompilerThread1" daemon [_thread_in_native, id=2068, stack(0x000000001baa0000,0x000000001bba0000)]

Stack: [0x000000001baa0000,0x000000001bba0000]
[error occurred during error reporting (printing stack bounds), id 0xc0000005]

Native frames: (J=compiled Java code, j=interpreted, Vv=VM code, C=native code)


Current CompileTask:
C2:  11012 2308       4       io.netty.util.internal.chmv8.ForkJoinPool::scan (317 bytes)


---------------  P R O C E S S  ---------------

Java Threads: ( => current thread )
  0x000000001c63e800 JavaThread "nioEventLoopGroup-0-6" daemon [_thread_blocked, id=12672, stack(0x00000000251a0000,0x00000000252a0000)]
  0x000000001c63d000 JavaThread "nioEventLoopGroup-0-5" daemon [_thread_in_native, id=9936, stack(0x00000000250a0000,0x00000000251a0000)]
  0x000000001c643000 JavaThread "nioEventLoopGroup-0-4" daemon [_thread_blocked, id=3176, stack(0x0000000024fa0000,0x00000000250a0000)]
  0x000000001c641800 JavaThread "nioEventLoopGroup-0-3" daemon [_thread_blocked, id=4000, stack(0x0000000024ea0000,0x0000000024fa0000)]
  0x000000001c58b800 JavaThread "nioEventLoopGroup-2-7" daemon [_thread_blocked, id=12480, stack(0x0000000023dd0000,0x0000000023ed0000)]
  0x000000001c58b000 JavaThread "nioEventLoopGroup-2-6" daemon [_thread_blocked, id=1660, stack(0x0000000023cd0000,0x0000000023dd0000)]
  0x000000001c58f800 JavaThread "nioEventLoopGroup-2-5" daemon [_thread_in_vm, id=12076, stack(0x0000000023bd0000,0x0000000023cd0000)]
  0x000000001c58e800 JavaThread "nioEventLoopGroup-2-4" daemon [_thread_blocked, id=7664, stack(0x00000000238d0000,0x00000000239d0000)]
  0x000000001c58e000 JavaThread "nioEventLoopGroup-2-3" daemon [_thread_blocked, id=12620, stack(0x00000000237d0000,0x00000000238d0000)]
  0x000000001c58d000 JavaThread "threadDeathWatcher-2-1" daemon [_thread_blocked, id=1896, stack(0x000000001f690000,0x000000001f790000)]
  0x000000001c58a000 JavaThread "nioEventLoopGroup-2-2" daemon [_thread_blocked, id=7864, stack(0x000000001f590000,0x000000001f690000)]
  0x000000001c591000 JavaThread "nioEventLoopGroup-2-1" daemon [_thread_in_native, id=6520, stack(0x000000001f490000,0x000000001f590000)]
  0x000000001c590000 JavaThread "nioEventLoopGroup-2-0" daemon [_thread_blocked, id=7436, stack(0x000000001f390000,0x000000001f490000)]
  0x000000001c58c800 JavaThread "nioEventLoopGroup-1-2" daemon [_thread_blocked, id=16408, stack(0x000000001f290000,0x000000001f390000)]
  0x000000001c574000 JavaThread "nioEventLoopGroup-1-1" daemon [_thread_blocked, id=8832, stack(0x000000001f190000,0x000000001f290000)]
  0x000000001c570800 JavaThread "nioEventLoopGroup-1-0" daemon [_thread_in_native, id=4652, stack(0x000000001f090000,0x000000001f190000)]
  0x000000001c56d000 JavaThread "Thread-4" [_thread_blocked, id=16460, stack(0x000000001ef90000,0x000000001f090000)]
  0x000000001c569800 JavaThread "nioEventLoopGroup-0-2" daemon [_thread_blocked, id=200, stack(0x000000001ee90000,0x000000001ef90000)]
  0x000000001c568800 JavaThread "nioEventLoopGroup-0-1" daemon [_thread_in_native, id=12776, stack(0x000000001ed90000,0x000000001ee90000)]
  0x000000001c548000 JavaThread "nioEventLoopGroup-0-0" daemon [_thread_blocked, id=15468, stack(0x000000001eb90000,0x000000001ec90000)]
  0x0000000004e13800 JavaThread "DestroyJavaVM" [_thread_blocked, id=988, stack(0x0000000004c50000,0x0000000004d50000)]
  0x000000001c09d800 JavaThread "AWT-EventQueue-0" [_thread_in_vm_trans, id=12180, stack(0x000000001cb50000,0x000000001cc50000)]
  0x000000001c096800 JavaThread "AWT-Windows" daemon [_thread_in_native, id=5032, stack(0x000000001c940000,0x000000001ca40000)]
  0x000000001c03e800 JavaThread "AWT-Shutdown" [_thread_blocked, id=12520, stack(0x000000001c840000,0x000000001c940000)]
  0x000000001c03e000 JavaThread "Java2D Disposer" daemon [_thread_blocked, id=1132, stack(0x000000001c740000,0x000000001c840000)]
  0x0000000019a8e800 JavaThread "Service Thread" daemon [_thread_blocked, id=12228, stack(0x000000001bca0000,0x000000001bda0000)]
  0x0000000019a80800 JavaThread "C1 CompilerThread2" daemon [_thread_blocked, id=8, stack(0x000000001bba0000,0x000000001bca0000)]
=>0x0000000019a7b800 JavaThread "C2 CompilerThread1" daemon [_thread_in_native, id=2068, stack(0x000000001baa0000,0x000000001bba0000)]
  0x0000000019a78000 JavaThread "C2 CompilerThread0" daemon [_thread_in_native, id=5956, stack(0x000000001b9a0000,0x000000001baa0000)]
  0x0000000019a6c000 JavaThread "JDWP Command Reader" daemon [_thread_in_native, id=13432, stack(0x000000001b8a0000,0x000000001b9a0000)]
  0x0000000019a67800 JavaThread "JDWP Event Helper Thread" daemon [_thread_blocked, id=2312, stack(0x000000001b7a0000,0x000000001b8a0000)]
  0x0000000019a64800 JavaThread "JDWP Transport Listener: dt_socket" daemon [_thread_blocked, id=1932, stack(0x000000001b6a0000,0x000000001b7a0000)]
  0x0000000019a43000 JavaThread "Attach Listener" daemon [_thread_blocked, id=11192, stack(0x000000001b290000,0x000000001b390000)]
  0x0000000019a42800 JavaThread "Signal Dispatcher" daemon [_thread_blocked, id=8872, stack(0x000000001b190000,0x000000001b290000)]
  0x0000000019a1f000 JavaThread "Finalizer" daemon [_thread_blocked, id=10908, stack(0x000000001ac90000,0x000000001ad90000)]
  0x0000000004f05000 JavaThread "Reference Handler" daemon [_thread_blocked, id=13088, stack(0x000000001ab90000,0x000000001ac90000)]

Other Threads:
  0x00000000199f6800 VMThread [stack: 0x000000001aa90000,0x000000001ab90000] [id=10864]
  0x000000001ae89000 WatcherThread [stack: 0x000000001bda0000,0x000000001bea0000] [id=2756]

VM state:not at safepoint (normal execution)

VM Mutex/Monitor currently owned by a thread: None

Heap:
 PSYoungGen      total 146944K, used 45719K [0x00000000d5f80000, 0x00000000dfe80000, 0x0000000100000000)
  eden space 132608K, 34% used [0x00000000d5f80000,0x00000000d8bbfe50,0x00000000de100000)
  from space 14336K, 2% used [0x00000000def80000,0x00000000defe6008,0x00000000dfd80000)
  to   space 14848K, 0% used [0x00000000de100000,0x00000000de100000,0x00000000def80000)
 ParOldGen       total 87552K, used 20360K [0x0000000081e00000, 0x0000000087380000, 0x00000000d5f80000)
  object space 87552K, 23% used [0x0000000081e00000,0x00000000831e2328,0x0000000087380000)
 Metaspace       used 16875K, capacity 17168K, committed 17536K, reserved 1064960K
  class space    used 1998K, capacity 2062K, committed 2176K, reserved 1048576K

Card table byte_map: [0x00000000142d0000,0x00000000146d0000] byte_map_base: 0x0000000013ec1000

Marking Bits: (ParMarkBitMap*) 0x000000005a4da6d0
 Begin Bits: [0x0000000014d80000, 0x0000000016d08000)
 End Bits:   [0x0000000016d08000, 0x0000000018c90000)

Polling page: 0x00000000030e0000

CodeCache: size=245760Kb used=8426Kb max_used=8430Kb free=237333Kb
 bounds [0x0000000004f10000, 0x0000000005760000, 0x0000000013f10000]
 total_blobs=2854 nmethods=2344 adapters=430
 compilation: enabled

Compilation events (10 events):
Event: 10.836 Thread 0x0000000019a80800 2369       1       sun.awt.NullComponentPeer::beginValidate (1 bytes)
Event: 10.837 Thread 0x0000000019a80800 nmethod 2369 0x0000000005744e90 code [0x0000000005744fe0, 0x00000000057450f0]
Event: 10.844 Thread 0x0000000019a80800 2370       1       javax.swing.border.AbstractBorder::paintBorder (1 bytes)
Event: 10.845 Thread 0x0000000019a80800 nmethod 2370 0x0000000005744bd0 code [0x0000000005744d20, 0x0000000005744e30]
Event: 10.852 Thread 0x0000000019a80800 2371       3       io.netty.util.concurrent.SingleThreadEventExecutor::hasTasks (39 bytes)
Event: 10.852 Thread 0x0000000019a80800 nmethod 2371 0x000000000573c050 code [0x000000000573c1c0, 0x000000000573c448]
Event: 10.859 Thread 0x0000000019a80800 2372       1       javax.swing.plaf.metal.OceanTheme::getSecondary1 (4 bytes)
Event: 10.859 Thread 0x0000000019a80800 nmethod 2372 0x000000000573bd90 code [0x000000000573bee0, 0x000000000573bff0]
Event: 10.900 Thread 0x0000000019a80800 2373       3       io.netty.util.internal.chmv8.ForkJoinPool::awaitWork (368 bytes)
Event: 10.901 Thread 0x0000000019a80800 nmethod 2373 0x000000000573f950 code [0x000000000573fb20, 0x0000000005740768]

GC Heap History (10 events):
Event: 9.487 GC heap before
{Heap before GC invocations=4 (full 0):
 PSYoungGen      total 38400K, used 38376K [0x00000000d5f80000, 0x00000000daa80000, 0x0000000100000000)
  eden space 33280K, 100% used [0x00000000d5f80000,0x00000000d8000000,0x00000000d8000000)
  from space 5120K, 99% used [0x00000000d8000000,0x00000000d84fa1a0,0x00000000d8500000)
  to   space 5120K, 0% used [0x00000000da580000,0x00000000da580000,0x00000000daa80000)
 ParOldGen       total 87552K, used 13889K [0x0000000081e00000, 0x0000000087380000, 0x00000000d5f80000)
  object space 87552K, 15% used [0x0000000081e00000,0x0000000082b90498,0x0000000087380000)
 Metaspace       used 16840K, capacity 17104K, committed 17536K, reserved 1064960K
  class space    used 1998K, capacity 2062K, committed 2176K, reserved 1048576K
Event: 9.493 GC heap after
Heap after GC invocations=4 (full 0):
 PSYoungGen      total 71680K, used 5112K [0x00000000d5f80000, 0x00000000daa80000, 0x0000000100000000)
  eden space 66560K, 0% used [0x00000000d5f80000,0x00000000d5f80000,0x00000000da080000)
  from space 5120K, 99% used [0x00000000da580000,0x00000000daa7e190,0x00000000daa80000)
  to   space 5120K, 0% used [0x00000000da080000,0x00000000da080000,0x00000000da580000)
 ParOldGen       total 87552K, used 13993K [0x0000000081e00000, 0x0000000087380000, 0x00000000d5f80000)
  object space 87552K, 15% used [0x0000000081e00000,0x0000000082baa498,0x0000000087380000)
 Metaspace       used 16840K, capacity 17104K, committed 17536K, reserved 1064960K
  class space    used 1998K, capacity 2062K, committed 2176K, reserved 1048576K
}
Event: 9.837 GC heap before
{Heap before GC invocations=5 (full 0):
 PSYoungGen      total 71680K, used 71672K [0x00000000d5f80000, 0x00000000daa80000, 0x0000000100000000)
  eden space 66560K, 100% used [0x00000000d5f80000,0x00000000da080000,0x00000000da080000)
  from space 5120K, 99% used [0x00000000da580000,0x00000000daa7e190,0x00000000daa80000)
  to   space 5120K, 0% used [0x00000000da080000,0x00000000da080000,0x00000000da580000)
 ParOldGen       total 87552K, used 13993K [0x0000000081e00000, 0x0000000087380000, 0x00000000d5f80000)
  object space 87552K, 15% used [0x0000000081e00000,0x0000000082baa498,0x0000000087380000)
 Metaspace       used 16871K, capacity 17168K, committed 17536K, reserved 1064960K
  class space    used 1998K, capacity 2062K, committed 2176K, reserved 1048576K
Event: 9.846 GC heap after
Heap after GC invocations=5 (full 0):
 PSYoungGen      total 71680K, used 5111K [0x00000000d5f80000, 0x00000000daa80000, 0x0000000100000000)
  eden space 66560K, 0% used [0x00000000d5f80000,0x00000000d5f80000,0x00000000da080000)
  from space 5120K, 99% used [0x00000000da080000,0x00000000da57df98,0x00000000da580000)
  to   space 5120K, 0% used [0x00000000da580000,0x00000000da580000,0x00000000daa80000)
 ParOldGen       total 87552K, used 14570K [0x0000000081e00000, 0x0000000087380000, 0x00000000d5f80000)
  object space 87552K, 16% used [0x0000000081e00000,0x0000000082c3a908,0x0000000087380000)
 Metaspace       used 16871K, capacity 17168K, committed 17536K, reserved 1064960K
  class space    used 1998K, capacity 2062K, committed 2176K, reserved 1048576K
}
Event: 10.139 GC heap before
{Heap before GC invocations=6 (full 0):
 PSYoungGen      total 71680K, used 71671K [0x00000000d5f80000, 0x00000000daa80000, 0x0000000100000000)
  eden space 66560K, 100% used [0x00000000d5f80000,0x00000000da080000,0x00000000da080000)
  from space 5120K, 99% used [0x00000000da080000,0x00000000da57df98,0x00000000da580000)
  to   space 5120K, 0% used [0x00000000da580000,0x00000000da580000,0x00000000daa80000)
 ParOldGen       total 87552K, used 14570K [0x0000000081e00000, 0x0000000087380000, 0x00000000d5f80000)
  object space 87552K, 16% used [0x0000000081e00000,0x0000000082c3a908,0x0000000087380000)
 Metaspace       used 16875K, capacity 17168K, committed 17536K, reserved 1064960K
  class space    used 1998K, capacity 2062K, committed 2176K, reserved 1048576K
Event: 10.146 GC heap after
Heap after GC invocations=6 (full 0):
 PSYoungGen      total 71680K, used 4840K [0x00000000d5f80000, 0x00000000daa80000, 0x0000000100000000)
  eden space 66560K, 0% used [0x00000000d5f80000,0x00000000d5f80000,0x00000000da080000)
  from space 5120K, 94% used [0x00000000da580000,0x00000000daa3a150,0x00000000daa80000)
  to   space 5120K, 0% used [0x00000000da080000,0x00000000da080000,0x00000000da580000)
 ParOldGen       total 87552K, used 15465K [0x0000000081e00000, 0x0000000087380000, 0x00000000d5f80000)
  object space 87552K, 17% used [0x0000000081e00000,0x0000000082d1a760,0x0000000087380000)
 Metaspace       used 16875K, capacity 17168K, committed 17536K, reserved 1064960K
  class space    used 1998K, capacity 2062K, committed 2176K, reserved 1048576K
}
Event: 10.453 GC heap before
{Heap before GC invocations=7 (full 0):
 PSYoungGen      total 71680K, used 71400K [0x00000000d5f80000, 0x00000000daa80000, 0x0000000100000000)
  eden space 66560K, 100% used [0x00000000d5f80000,0x00000000da080000,0x00000000da080000)
  from space 5120K, 94% used [0x00000000da580000,0x00000000daa3a150,0x00000000daa80000)
  to   space 5120K, 0% used [0x00000000da080000,0x00000000da080000,0x00000000da580000)
 ParOldGen       total 87552K, used 15465K [0x0000000081e00000, 0x0000000087380000, 0x00000000d5f80000)
  object space 87552K, 17% used [0x0000000081e00000,0x0000000082d1a760,0x0000000087380000)
 Metaspace       used 16875K, capacity 17168K, committed 17536K, reserved 1064960K
  class space    used 1998K, capacity 2062K, committed 2176K, reserved 1048576K
Event: 10.458 GC heap after
Heap after GC invocations=7 (full 0):
 PSYoungGen      total 71680K, used 1584K [0x00000000d5f80000, 0x00000000dfd80000, 0x0000000100000000)
  eden space 66560K, 0% used [0x00000000d5f80000,0x00000000d5f80000,0x00000000da080000)
  from space 5120K, 30% used [0x00000000da080000,0x00000000da20c010,0x00000000da580000)
  to   space 14336K, 0% used [0x00000000def80000,0x00000000def80000,0x00000000dfd80000)
 ParOldGen       total 87552K, used 18976K [0x0000000081e00000, 0x0000000087380000, 0x00000000d5f80000)
  object space 87552K, 21% used [0x0000000081e00000,0x0000000083088328,0x0000000087380000)
 Metaspace       used 16875K, capacity 17168K, committed 17536K, reserved 1064960K
  class space    used 1998K, capacity 2062K, committed 2176K, reserved 1048576K
}
Event: 10.749 GC heap before
{Heap before GC invocations=8 (full 0):
 PSYoungGen      total 71680K, used 68144K [0x00000000d5f80000, 0x00000000dfd80000, 0x0000000100000000)
  eden space 66560K, 100% used [0x00000000d5f80000,0x00000000da080000,0x00000000da080000)
  from space 5120K, 30% used [0x00000000da080000,0x00000000da20c010,0x00000000da580000)
  to   space 14336K, 0% used [0x00000000def80000,0x00000000def80000,0x00000000dfd80000)
 ParOldGen       total 87552K, used 18976K [0x0000000081e00000, 0x0000000087380000, 0x00000000d5f80000)
  object space 87552K, 21% used [0x0000000081e00000,0x0000000083088328,0x0000000087380000)
 Metaspace       used 16875K, capacity 17168K, committed 17536K, reserved 1064960K
  class space    used 1998K, capacity 2062K, committed 2176K, reserved 1048576K
Event: 10.752 GC heap after
Heap after GC invocations=8 (full 0):
 PSYoungGen      total 146944K, used 408K [0x00000000d5f80000, 0x00000000dfe80000, 0x0000000100000000)
  eden space 132608K, 0% used [0x00000000d5f80000,0x00000000d5f80000,0x00000000de100000)
  from space 14336K, 2% used [0x00000000def80000,0x00000000defe6008,0x00000000dfd80000)
  to   space 14848K, 0% used [0x00000000de100000,0x00000000de100000,0x00000000def80000)
 ParOldGen       total 87552K, used 20360K [0x0000000081e00000, 0x0000000087380000, 0x00000000d5f80000)
  object space 87552K, 23% used [0x0000000081e00000,0x00000000831e2328,0x0000000087380000)
 Metaspace       used 16875K, capacity 17168K, committed 17536K, reserved 1064960K
  class space    used 1998K, capacity 2062K, committed 2176K, reserved 1048576K
}

Deoptimization events (10 events):
Event: 0.424 Thread 0x000000001c182000 Uncommon trap: reason=unstable_if action=reinterpret pc=0x00000000050d8d4c method=java.lang.String.indexOf([CII[CIII)I @ 3
Event: 0.800 Thread 0x000000001c1fa000 Uncommon trap: reason=unstable_if action=reinterpret pc=0x0000000005170590 method=java.util.HashMap.getNode(ILjava/lang/Object;)Ljava/util/HashMap$Node; @ 62
Event: 0.800 Thread 0x000000001c1fa000 Uncommon trap: reason=unstable_if action=reinterpret pc=0x0000000005155d54 method=java.util.HashMap.getNode(ILjava/lang/Object;)Ljava/util/HashMap$Node; @ 62
Event: 8.649 Thread 0x000000001c568800 Uncommon trap: reason=unstable_if action=reinterpret pc=0x0000000005035280 method=java.lang.CharacterData.of(I)Ljava/lang/CharacterData; @ 4
Event: 8.836 Thread 0x000000001c641800 Uncommon trap: reason=unstable_if action=reinterpret pc=0x0000000005318454 method=io.netty.util.internal.chmv8.ForkJoinPool.scan(Lio/netty/util/internal/chmv8/ForkJoinPool$WorkQueue;I)I @ 122
Event: 8.939 Thread 0x000000001c63e800 Uncommon trap: reason=unstable_if action=reinterpret pc=0x0000000005478aac method=io.netty.util.internal.chmv8.ForkJoinPool.scan(Lio/netty/util/internal/chmv8/ForkJoinPool$WorkQueue;I)I @ 252
Event: 9.640 Thread 0x000000001c63d000 Uncommon trap: reason=unstable_if action=reinterpret pc=0x000000000550f134 method=io.netty.util.internal.chmv8.ForkJoinPool.scan(Lio/netty/util/internal/chmv8/ForkJoinPool$WorkQueue;I)I @ 300
Event: 10.460 Thread 0x000000001c63d000 Uncommon trap: reason=unstable_if action=reinterpret pc=0x000000000570db10 method=io.netty.util.internal.chmv8.ForkJoinPool.scan(Lio/netty/util/internal/chmv8/ForkJoinPool$WorkQueue;I)I @ 127
Event: 10.835 Thread 0x000000001c568800 Uncommon trap: reason=unstable_if action=reinterpret pc=0x0000000005706038 method=io.netty.util.internal.MpscLinkedQueue.isEmpty()Z @ 4
Event: 10.894 Thread 0x000000001c63d000 Uncommon trap: reason=unstable_if action=reinterpret pc=0x00000000057066f8 method=io.netty.util.internal.chmv8.ForkJoinPool.awaitWork(Lio/netty/util/internal/chmv8/ForkJoinPool$WorkQueue;JI)I @ 276

Internal exceptions (10 events):
Event: 0.675 Thread 0x000000001c09d800 Exception <a 'java/lang/NullPointerException'> (0x00000000d6d9d630) thrown at [C:\re\workspace\8-2-build-windows-amd64-cygwin\jdk8u112\7884\hotspot\src\share\vm\interpreter\linkResolver.cpp, line 1178]
Event: 0.836 Thread 0x000000001c1fa000 Exception <a 'java/lang/ArrayIndexOutOfBoundsException'> (0x00000000d73b4920) thrown at [C:\re\workspace\8-2-build-windows-amd64-cygwin\jdk8u112\7884\hotspot\src\share\vm\runtime\sharedRuntime.cpp, line 605]
Event: 0.836 Thread 0x000000001c1fa000 Exception <a 'java/lang/ArrayIndexOutOfBoundsException'> (0x00000000d73b5b70) thrown at [C:\re\workspace\8-2-build-windows-amd64-cygwin\jdk8u112\7884\hotspot\src\share\vm\runtime\sharedRuntime.cpp, line 605]
Event: 0.836 Thread 0x000000001c1fa000 Exception <a 'java/lang/ArrayIndexOutOfBoundsException'> (0x00000000d73b6c58) thrown at [C:\re\workspace\8-2-build-windows-amd64-cygwin\jdk8u112\7884\hotspot\src\share\vm\runtime\sharedRuntime.cpp, line 605]
Event: 0.842 Thread 0x000000001c548000 Exception <a 'java/lang/ArrayIndexOutOfBoundsException'> (0x00000000d738daf0) thrown at [C:\re\workspace\8-2-build-windows-amd64-cygwin\jdk8u112\7884\hotspot\src\share\vm\runtime\sharedRuntime.cpp, line 605]
Event: 0.842 Thread 0x000000001c548000 Exception <a 'java/lang/ArrayIndexOutOfBoundsException'> (0x00000000d738eb08) thrown at [C:\re\workspace\8-2-build-windows-amd64-cygwin\jdk8u112\7884\hotspot\src\share\vm\runtime\sharedRuntime.cpp, line 605]
Event: 0.843 Thread 0x000000001c548000 Exception <a 'java/lang/ArrayIndexOutOfBoundsException'> (0x00000000d73a4be0) thrown at [C:\re\workspace\8-2-build-windows-amd64-cygwin\jdk8u112\7884\hotspot\src\share\vm\runtime\sharedRuntime.cpp, line 605]
Event: 0.843 Thread 0x000000001c548000 Exception <a 'java/lang/ArrayIndexOutOfBoundsException'> (0x00000000d73a5bf8) thrown at [C:\re\workspace\8-2-build-windows-amd64-cygwin\jdk8u112\7884\hotspot\src\share\vm\runtime\sharedRuntime.cpp, line 605]
Event: 0.844 Thread 0x000000001c548000 Exception <a 'java/lang/ArrayIndexOutOfBoundsException'> (0x00000000d7456818) thrown at [C:\re\workspace\8-2-build-windows-amd64-cygwin\jdk8u112\7884\hotspot\src\share\vm\runtime\sharedRuntime.cpp, line 605]
Event: 1.847 Thread 0x000000001c548000 Exception <a 'java/net/ConnectException': Connection refused: no further information> (0x00000000d74a6040) thrown at [C:\re\workspace\8-2-build-windows-amd64-cygwin\jdk8u112\7884\hotspot\src\share\vm\prims\jni.cpp, line 735]

Events (10 events):
Event: 10.460 Thread 0x000000001c63d000 DEOPT PACKING pc=0x000000000570db10 sp=0x000000002519f3b0
Event: 10.460 Thread 0x000000001c63d000 DEOPT UNPACKING pc=0x0000000004f5582a sp=0x000000002519f4b0 mode 2
Event: 10.749 Executing VM operation: ParallelGCFailedAllocation
Event: 10.752 Executing VM operation: ParallelGCFailedAllocation done
Event: 10.835 Thread 0x000000001c568800 Uncommon trap: trap_request=0xffffff65 fr.pc=0x0000000005706038
Event: 10.835 Thread 0x000000001c568800 DEOPT PACKING pc=0x0000000005706038 sp=0x000000001ee8ebb0
Event: 10.835 Thread 0x000000001c568800 DEOPT UNPACKING pc=0x0000000004f5582a sp=0x000000001ee8eb08 mode 2
Event: 10.894 Thread 0x000000001c63d000 Uncommon trap: trap_request=0xffffff65 fr.pc=0x00000000057066f8
Event: 10.894 Thread 0x000000001c63d000 DEOPT PACKING pc=0x00000000057066f8 sp=0x000000002519f480
Event: 10.894 Thread 0x000000001c63d000 DEOPT UNPACKING pc=0x0000000004f5582a sp=0x000000002519f3c8 mode 2


Dynamic libraries:
0x00007ff644440000 - 0x00007ff644477000 	D:\work\myeclipse\binary\com.sun.java.jdk8.win32.x86_64_1.8.0.v112\bin\javaw.exe
0x00007ffb4c950000 - 0x00007ffb4cb30000 	C:\WINDOWS\SYSTEM32\ntdll.dll
0x00007ffb4c320000 - 0x00007ffb4c3ce000 	C:\WINDOWS\System32\KERNEL32.DLL
0x00007ffb49160000 - 0x00007ffb493c6000 	C:\WINDOWS\System32\KERNELBASE.dll
0x00007ffb4ac10000 - 0x00007ffb4acb1000 	C:\WINDOWS\System32\ADVAPI32.dll
0x00007ffb4c100000 - 0x00007ffb4c19d000 	C:\WINDOWS\System32\msvcrt.dll
0x00007ffb4a560000 - 0x00007ffb4a5bb000 	C:\WINDOWS\System32\sechost.dll
0x00007ffb49e50000 - 0x00007ffb49f6f000 	C:\WINDOWS\System32\RPCRT4.dll
0x00007ffb4a5c0000 - 0x00007ffb4a74f000 	C:\WINDOWS\System32\USER32.dll
0x00007ffb48eb0000 - 0x00007ffb48ed0000 	C:\WINDOWS\System32\win32u.dll
0x00007ffb4a530000 - 0x00007ffb4a558000 	C:\WINDOWS\System32\GDI32.dll
0x00007ffb48f20000 - 0x00007ffb490b3000 	C:\WINDOWS\System32\gdi32full.dll
0x00007ffb490c0000 - 0x00007ffb4915b000 	C:\WINDOWS\System32\msvcp_win.dll
0x00007ffb48d50000 - 0x00007ffb48e46000 	C:\WINDOWS\System32\ucrtbase.dll
0x00007ffb3d720000 - 0x00007ffb3d989000 	C:\WINDOWS\WinSxS\amd64_microsoft.windows.common-controls_6595b64144ccf1df_6.0.16299.309_none_15cfd4c4935e6b11\COMCTL32.dll
0x00007ffb4a080000 - 0x00007ffb4a388000 	C:\WINDOWS\System32\combase.dll
0x00007ffb49da0000 - 0x00007ffb49e12000 	C:\WINDOWS\System32\bcryptPrimitives.dll
0x00007ffb49e20000 - 0x00007ffb49e4d000 	C:\WINDOWS\System32\IMM32.DLL
0x000000005e160000 - 0x000000005e232000 	D:\work\myeclipse\binary\com.sun.java.jdk8.win32.x86_64_1.8.0.v112\jre\bin\msvcr100.dll
0x0000000059cc0000 - 0x000000005a55a000 	D:\work\myeclipse\binary\com.sun.java.jdk8.win32.x86_64_1.8.0.v112\jre\bin\server\jvm.dll
0x00007ffb4a7b0000 - 0x00007ffb4a7b8000 	C:\WINDOWS\System32\PSAPI.DLL
0x00007ffb41f60000 - 0x00007ffb41f6a000 	C:\WINDOWS\SYSTEM32\VERSION.dll
0x00007ffb470e0000 - 0x00007ffb47103000 	C:\WINDOWS\SYSTEM32\WINMM.dll
0x00007ffb34590000 - 0x00007ffb34599000 	C:\WINDOWS\SYSTEM32\WSOCK32.dll
0x00007ffb4c8b0000 - 0x00007ffb4c91c000 	C:\WINDOWS\System32\WS2_32.dll
0x00007ffb470b0000 - 0x00007ffb470da000 	C:\WINDOWS\SYSTEM32\WINMMBASE.dll
0x00007ffb48ed0000 - 0x00007ffb48f1a000 	C:\WINDOWS\System32\cfgmgr32.dll
0x000000005f150000 - 0x000000005f15f000 	D:\work\myeclipse\binary\com.sun.java.jdk8.win32.x86_64_1.8.0.v112\jre\bin\verify.dll
0x000000005f120000 - 0x000000005f149000 	D:\work\myeclipse\binary\com.sun.java.jdk8.win32.x86_64_1.8.0.v112\jre\bin\java.dll
0x000000005e120000 - 0x000000005e155000 	D:\work\myeclipse\binary\com.sun.java.jdk8.win32.x86_64_1.8.0.v112\jre\bin\jdwp.dll
0x000000005e110000 - 0x000000005e118000 	D:\work\myeclipse\binary\com.sun.java.jdk8.win32.x86_64_1.8.0.v112\jre\bin\npt.dll
0x000000005f100000 - 0x000000005f116000 	D:\work\myeclipse\binary\com.sun.java.jdk8.win32.x86_64_1.8.0.v112\jre\bin\zip.dll
0x00007ffb4acc0000 - 0x00007ffb4c0f6000 	C:\WINDOWS\System32\SHELL32.dll
0x00007ffb4c270000 - 0x00007ffb4c316000 	C:\WINDOWS\System32\shcore.dll
0x00007ffb493d0000 - 0x00007ffb49b17000 	C:\WINDOWS\System32\windows.storage.dll
0x00007ffb4a750000 - 0x00007ffb4a7a1000 	C:\WINDOWS\System32\shlwapi.dll
0x00007ffb48cf0000 - 0x00007ffb48d01000 	C:\WINDOWS\System32\kernel.appcore.dll
0x00007ffb48ca0000 - 0x00007ffb48cec000 	C:\WINDOWS\System32\powrprof.dll
0x00007ffb48d10000 - 0x00007ffb48d2b000 	C:\WINDOWS\System32\profapi.dll
0x000000005e100000 - 0x000000005e109000 	D:\work\myeclipse\binary\com.sun.java.jdk8.win32.x86_64_1.8.0.v112\jre\bin\dt_socket.dll
0x00007ffb3e480000 - 0x00007ffb3e496000 	C:\WINDOWS\system32\napinsp.dll
0x00007ffb3e460000 - 0x00007ffb3e47a000 	C:\WINDOWS\system32\pnrpnsp.dll
0x00007ffb45350000 - 0x00007ffb45368000 	C:\WINDOWS\system32\NLAapi.dll
0x00007ffb484d0000 - 0x00007ffb48536000 	C:\WINDOWS\System32\mswsock.dll
0x00007ffb482a0000 - 0x00007ffb48356000 	C:\WINDOWS\SYSTEM32\DNSAPI.dll
0x00007ffb4a070000 - 0x00007ffb4a078000 	C:\WINDOWS\System32\NSI.dll
0x00007ffb48260000 - 0x00007ffb48299000 	C:\WINDOWS\SYSTEM32\IPHLPAPI.DLL
0x00007ffb3e450000 - 0x00007ffb3e45e000 	C:\WINDOWS\System32\winrnr.dll
0x000000005e090000 - 0x000000005e0b6000 	C:\Program Files\Bonjour\mdnsNSP.dll
0x00007ffb40b40000 - 0x00007ffb40c3b000 	C:\Users\81513\AppData\Roaming\Netease\UU\uu_lsp64.dll
0x00007ffb49b20000 - 0x00007ffb49cee000 	C:\WINDOWS\System32\CRYPT32.dll
0x00007ffb48d30000 - 0x00007ffb48d42000 	C:\WINDOWS\System32\MSASN1.dll
0x00007ffb39a30000 - 0x00007ffb39a3a000 	C:\WINDOWS\system32\wshqos.dll
0x00007ffb394c0000 - 0x00007ffb394c8000 	C:\WINDOWS\SYSTEM32\wshtcpip.DLL
0x00007ffb39490000 - 0x00007ffb39498000 	C:\WINDOWS\SYSTEM32\wship6.dll
0x00007ffb43370000 - 0x00007ffb433e0000 	C:\WINDOWS\System32\fwpuclnt.dll
0x00007ffb48800000 - 0x00007ffb48825000 	C:\WINDOWS\SYSTEM32\bcrypt.dll
0x00007ffb42e30000 - 0x00007ffb42e3a000 	C:\Windows\System32\rasadhlp.dll
0x000000005a780000 - 0x000000005a918000 	D:\work\myeclipse\binary\com.sun.java.jdk8.win32.x86_64_1.8.0.v112\jre\bin\awt.dll
0x00007ffb4c1a0000 - 0x00007ffb4c265000 	C:\WINDOWS\System32\OLEAUT32.dll
0x00007ffb47140000 - 0x00007ffb471c8000 	C:\WINDOWS\SYSTEM32\apphelp.dll
0x00007ffb47450000 - 0x00007ffb474e5000 	C:\WINDOWS\system32\uxtheme.dll
0x00007ffb4a910000 - 0x00007ffb4aa77000 	C:\WINDOWS\System32\MSCTF.dll
0x00007ffb476f0000 - 0x00007ffb4771a000 	C:\WINDOWS\system32\dwmapi.dll
0x00007ffb4a7c0000 - 0x00007ffb4a909000 	C:\WINDOWS\System32\ole32.dll
0x00007ffb243b0000 - 0x00007ffb244ce000 	C:\WINDOWS\system32\opengl32.dll
0x00007ffb37bb0000 - 0x00007ffb37bdc000 	C:\WINDOWS\SYSTEM32\GLU32.dll
0x00007ffb48690000 - 0x00007ffb486a7000 	C:\WINDOWS\SYSTEM32\CRYPTSP.dll
0x00007ffb480d0000 - 0x00007ffb48103000 	C:\WINDOWS\system32\rsaenh.dll
0x00007ffb48bd0000 - 0x00007ffb48bf9000 	C:\WINDOWS\SYSTEM32\USERENV.dll
0x00007ffb486b0000 - 0x00007ffb486bb000 	C:\WINDOWS\SYSTEM32\CRYPTBASE.dll
0x000000005f0e0000 - 0x000000005f0fa000 	D:\work\myeclipse\binary\com.sun.java.jdk8.win32.x86_64_1.8.0.v112\jre\bin\net.dll
0x000000005e660000 - 0x000000005e671000 	D:\work\myeclipse\binary\com.sun.java.jdk8.win32.x86_64_1.8.0.v112\jre\bin\nio.dll
0x00007ffb44740000 - 0x00007ffb44756000 	C:\WINDOWS\SYSTEM32\dhcpcsvc6.DLL
0x00007ffb44720000 - 0x00007ffb4473a000 	C:\WINDOWS\SYSTEM32\dhcpcsvc.DLL
0x0000000180000000 - 0x0000000180025000 	D:\work\jdk\jre\bin\rxtxSerial.dll
0x000000005eca0000 - 0x000000005ecad000 	D:\work\myeclipse\binary\com.sun.java.jdk8.win32.x86_64_1.8.0.v112\jre\bin\management.dll
0x000000005a730000 - 0x000000005a777000 	D:\work\myeclipse\binary\com.sun.java.jdk8.win32.x86_64_1.8.0.v112\jre\bin\fontmanager.dll
0x000000005a6e0000 - 0x000000005a722000 	D:\work\myeclipse\binary\com.sun.java.jdk8.win32.x86_64_1.8.0.v112\jre\bin\t2k.dll
0x00007ffb49fd0000 - 0x00007ffb4a06e000 	C:\WINDOWS\System32\clbcatq.dll
0x00007ffb43ae0000 - 0x00007ffb43c8b000 	C:\WINDOWS\SYSTEM32\WindowsCodecs.dll
0x00007ffb2e990000 - 0x00007ffb2e9df000 	C:\WINDOWS\system32\dataexchange.dll
0x00007ffb45f50000 - 0x00007ffb46092000 	C:\WINDOWS\system32\dcomp.dll
0x00007ffb45c60000 - 0x00007ffb45f42000 	C:\WINDOWS\system32\d3d11.dll
0x00007ffb47ab0000 - 0x00007ffb47b5f000 	C:\WINDOWS\system32\dxgi.dll
0x00007ffb47520000 - 0x00007ffb4769b000 	C:\WINDOWS\system32\twinapi.appcore.dll
0x00007ffb476d0000 - 0x00007ffb476f0000 	C:\WINDOWS\system32\RMCLIENT.dll
0x00007ffb40de0000 - 0x00007ffb40e78000 	C:\WINDOWS\System32\TextInputFramework.dll
0x00007ffb43070000 - 0x00007ffb4335e000 	C:\WINDOWS\System32\CoreUIComponents.dll
0x00007ffb46510000 - 0x00007ffb465ec000 	C:\WINDOWS\System32\CoreMessaging.dll
0x00007ffb47dd0000 - 0x00007ffb47e01000 	C:\WINDOWS\SYSTEM32\ntmarta.dll
0x00007ffb44f90000 - 0x00007ffb450c6000 	C:\WINDOWS\SYSTEM32\wintypes.dll

VM Arguments:
jvm_args: -agentlib:jdwp=transport=dt_socket,suspend=y,address=localhost:58181 -Dfile.encoding=UTF-8 
java_command: com.yang.serialport.ui.MainFrame
java_class_path (initial): D:\myeclipse\git\OTC.git\OTCcom\bin;D:\myeclipse\git\OTC.git\OTCcom\lib\AbsoluteLayout.jar;D:\myeclipse\git\OTC.git\OTCcom\lib\swing-layout-1.0.3.jar;D:\work\myeclipse\plugins\com.genuitec.eclipse.server.embedded.tomcat.core_13.0.0.me201612211440\tomcat85\lib\annotations-api.jar;D:\work\myeclipse\plugins\com.genuitec.eclipse.server.embedded.tomcat.core_13.0.0.me201612211440\tomcat85\lib\catalina-ant.jar;D:\work\myeclipse\plugins\com.genuitec.eclipse.server.embedded.tomcat.core_13.0.0.me201612211440\tomcat85\lib\catalina-ha.jar;D:\work\myeclipse\plugins\com.genuitec.eclipse.server.embedded.tomcat.core_13.0.0.me201612211440\tomcat85\lib\catalina-storeconfig.jar;D:\work\myeclipse\plugins\com.genuitec.eclipse.server.embedded.tomcat.core_13.0.0.me201612211440\tomcat85\lib\catalina-tribes.jar;D:\work\myeclipse\plugins\com.genuitec.eclipse.server.embedded.tomcat.core_13.0.0.me201612211440\tomcat85\lib\catalina.jar;D:\work\myeclipse\plugins\com.genuitec.eclipse.server.embedded.tomcat.core_13.0.0.me201612211440\tomcat85\lib\ecj-4.5.1.jar;D:\work\myeclipse\plugins\com.genuitec.eclipse.server.embedded.tomcat.core_13.0.0.me201612211440\tomcat85\lib\el-api.jar;D:\work\myeclipse\plugins\com.genuitec.eclipse.server.embedded.tomcat.core_13.0.0.me201612211440\tomcat85\lib\jasper-el.jar;D:\work\myeclipse\plugins\com.genuitec.eclipse.server.embedded.tomcat.core_13.0.0.me201612211440\tomcat85\lib\jasper.jar;D:\work\myeclipse\plugins\com.genuitec.eclipse.server.embedded.tomcat.core_13.0.0.me201612211440\tomcat85\lib\jaspic-api.jar;D:\work\myeclipse\plugins\com.genuitec.eclipse.server.embedded.tomcat.core_13.0.0.me201612211440\tomcat85\lib\jsp-api.jar;D:\work\myeclipse\plugins\com.genuitec.eclipse.server.embedded.tomcat.core_13.0.0.me201612211440\tomcat85\lib\servlet-api.jar;D:\work\myeclipse\plugins\com.genuitec.eclipse.server.embedded.tomcat.core_13.0.0.me201612211440\tomcat85\lib\tomcat-api.jar;D:\work\myeclipse\plugins\com.genuitec.eclipse.server.embedded
Launcher Type: SUN_STANDARD

Environment Variables:
JAVA_HOME=D:\work\jdk
CLASSPATH=.;D:\work\jdk\lib\dt.jar;D:\work\jdk\lib\tools.jar; 
PATH=D:\work\myeclipse\binary\com.sun.java.jdk8.win32.x86_64_1.8.0.v112\jre\bin;C:\ProgramData\Oracle\Java\javapath;C:\Program Files (x86)\Intel\iCLS com.Client\;C:\Program Files\Intel\iCLS com.Client\;C:\Windows\system32;C:\Windows;C:\Windows\System32\Wbem;C:\Windows\System32\WindowsPowerShell\v1.0\;C:\Program Files (x86)\NVIDIA Corporation\PhysX\Common;C:\Program Files (x86)\Intel\Intel(R) Management Engine Components\DAL;C:\Program Files\Intel\Intel(R) Management Engine Components\DAL;C:\Program Files (x86)\Intel\Intel(R) Management Engine Components\IPT;C:\Program Files\Intel\Intel(R) Management Engine Components\IPT;C:\Program Files\Intel\WiFi\bin\;C:\Program Files\Common Files\Intel\WirelessCommon\;D:\work\jdk\bin;D:\work\jdk\jre\bin;;C:\WINDOWS\system32;C:\WINDOWS;C:\WINDOWS\System32\Wbem;C:\WINDOWS\System32\WindowsPowerShell\v1.0\;C:\Users\81513\AppData\Local\Microsoft\WindowsApps;
USERNAME=Persea
OS=Windows_NT
PROCESSOR_IDENTIFIER=Intel64 Family 6 Model 158 Stepping 9, GenuineIntel



---------------  S Y S T E M  ---------------

OS: Windows 10.0 , 64 bit Build 16299 (10.0.16299.15)

CPU:total 4 (4 cores per cpu, 1 threads per core) family 6 model 158 stepping 9, cmov, cx8, fxsr, mmx, sse, sse2, sse3, ssse3, sse4.1, sse4.2, popcnt, avx, avx2, aes, clmul, erms, 3dnowpref, lzcnt, tsc, tscinvbit, bmi1, bmi2, adx

Memory: 4k page, physical 8263100k(1462320k free), swap 8263100k(3644k free)

vm_info: Java HotSpot(TM) 64-Bit com.Server VM (25.112-b15) for windows-amd64 JRE (1.8.0_112-b15), built on Sep 22 2016 21:31:56 by "java_re" with MS VC++ 10.0 (VS2010)

time: Mon Apr 16 16:49:14 2018
elapsed time: 11 seconds (0d 0h 0m 11s)

